sapoa.webally.co.za/
   composer.json
   package.json
   vite.config.js
   tailwind.config.js
   postcss.config.js
   app/
      Console/
         Kernel.php
      Exceptions/
         Handler.php
      Http/
         Kernel.php
         Controllers/
            Controller.php
            ProfileController.php
            DashboardController.php
            JudgeController.php
            Auth/
               AuthenticatedSessionController.php
               ConfirmablePasswordController.php
               EmailVerificationNotificationController.php
               EmailVerificationPromptController.php
               NewPasswordController.php
               PasswordController.php
               PasswordResetLinkController.php
               RegisteredUserController.php
               VerifyEmailController.php
         Middleware/
            Authenticate.php
            RedirectIfAuthenticated.php
            TrimStrings.php
            TrustHosts.php
            TrustProxies.php
            ValidateSignature.php
            VerifyCsrfToken.php
            CheckRole.php
         Requests/
            ProfileUpdateRequest.php
            Auth/
               LoginRequest.php
      Models/
         User.php
         Entry.php
         EntryDoc.php
         EntryImage.php
         Role.php
      View/
         Components/
            AppLayout.php
            GuestLayout.php
            Checkbox.php
            AuthCard.php
            PrimaryButton.php
      Livewire/
         SvgIcon.php
         SearchButton.php
         LeftNavButton.php
         LeftNavSubButton.php
         Sidebar.php
         Headerbar.php
         AlertBar.php
         LoginForm.php
         AdminDashboard.php
         JudgeProfile.php
         UserProfile.php
         ShowPosts.php
      Enums/
         UserRole.php
   bootstrap/
      app.php
      cache/
         packages.php
   database/
   resources/
      css/
         app.css
      js/
         app.js
         bootstrap.js
         components/
      views/
         dashboard.blade.php
         application.blade.php
         addJudge.blade.php
         livewire/
            svg-icon.blade.php
            search-button.blade.php
            left-nav-button.blade.php
            left-nav-sub-button.blade.php
            sidebar.blade.php
            headerbar.blade.php
            alert-bar.blade.php
            login-form.blade.php
            admin-dashboard.blade.php
            judge-profile.blade.php
            user-profile.blade.php
            show-posts.blade.php
   routes/
      channels.php
      web.php